<?xml version="1.0" encoding="UTF-8"?>
<!-- Generated by org.testng.reporters.JUnitReportReporter -->
<testsuite hostname="Mehru" failures="0" tests="1" name="com.sevenrmartsupermarket.tests.HomeTest" time="3.850" errors="0" timestamp="2023-05-15T07:45:40 IST" skipped="0">
  <testcase classname="com.sevenrmartsupermarket.tests.HomeTest" name="verifyLogo" time="3.850"/>
  <system-out/>
</testsuite> <!-- com.sevenrmartsupermarket.tests.HomeTest -->
