<?xml version="1.0" encoding="UTF-8"?>
<!-- Generated by org.testng.reporters.JUnitReportReporter -->
<testsuite hostname="Mehru" failures="0" tests="1" name="com.sevenrmartsupermarket.tests.ManageDeliveryBoyTest" time="7.721" errors="0" timestamp="2023-05-23T07:50:24 IST" skipped="0">
  <testcase classname="com.sevenrmartsupermarket.tests.ManageDeliveryBoyTest" name="verifyDeliveryBoyUserCreation" time="7.721"/>
  <system-out/>
</testsuite> <!-- com.sevenrmartsupermarket.tests.ManageDeliveryBoyTest -->
