<?xml version="1.0" encoding="UTF-8"?>
<!-- Generated by org.testng.reporters.JUnitReportReporter -->
<testsuite hostname="Mehru" failures="0" tests="2" name="com.sevenrmartsupermarket.tests.ManagePagesTest" time="11.230" errors="0" timestamp="2023-05-15T07:08:15 IST" skipped="0">
  <testcase classname="com.sevenrmartsupermarket.tests.ManagePagesTest" name="verifyAddPagesFunctionality" time="6.032"/>
  <system-out/>
  <testcase classname="com.sevenrmartsupermarket.tests.ManagePagesTest" name="verifyAddPagesFunctionality" time="5.198"/>
  <system-out/>
</testsuite> <!-- com.sevenrmartsupermarket.tests.ManagePagesTest -->
