<?xml version="1.0" encoding="UTF-8"?>
<!-- Generated by org.testng.reporters.JUnitReportReporter -->
<testsuite hostname="Mehru" failures="0" tests="1" name="com.executetest.TablePageTest" time="7.970" errors="0" timestamp="2023-04-25T07:47:51 IST" skipped="0">
  <testcase classname="com.executetest.TablePageTest" name="verifyNames" time="7.970"/>
  <system-out/>
</testsuite> <!-- com.executetest.TablePageTest -->
