<?xml version="1.0" encoding="UTF-8"?>
<!-- Generated by org.testng.reporters.JUnitReportReporter -->
<testsuite hostname="Mehru" failures="0" tests="1" name="com.executetest.DatePickersTest" time="164.524" errors="0" timestamp="2023-04-27T07:17:24 IST" skipped="0">
  <testcase classname="com.executetest.DatePickersTest" name="verifyDatePicker" time="164.524"/>
  <system-out/>
</testsuite> <!-- com.executetest.DatePickersTest -->
