<?xml version="1.0" encoding="UTF-8"?>
<!-- Generated by org.testng.reporters.JUnitReportReporter -->
<testsuite hostname="Mehru" failures="0" tests="1" name="com.executetest.HomeTest" time="6.055" errors="0" timestamp="2023-04-24T07:54:44 IST" skipped="0">
  <testcase classname="com.executetest.HomeTest" name="verifyExcelRead" time="6.055"/>
  <system-out/>
</testsuite> <!-- com.executetest.HomeTest -->
