<?xml version="1.0" encoding="UTF-8"?>
<!-- Generated by org.testng.reporters.JUnitReportReporter -->
<testsuite hostname="Mehru" failures="0" tests="1" name="com.executetest.HomeTest" time="7.905" errors="0" timestamp="2023-04-19T08:01:30 IST" skipped="0">
  <testcase classname="com.executetest.HomeTest" name="verifyHeadrs" time="7.905"/>
  <system-out/>
</testsuite> <!-- com.executetest.HomeTest -->
