<?xml version="1.0" encoding="UTF-8"?>
<!-- Generated by org.testng.reporters.JUnitReportReporter -->
<testsuite hostname="Mehru" failures="0" tests="1" name="com.executetest.InputFormTest" time="14.976" errors="0" timestamp="2023-04-20T07:58:10 IST" skipped="0">
  <testcase classname="com.executetest.InputFormTest" name="verifyCheckBoxclick" time="14.976"/>
  <system-out/>
</testsuite> <!-- com.executetest.InputFormTest -->
